2021-07-09 18:15:17.531  INFO DESKTOP-VICTOR --- [  restartedMain] b.c.h.HotonApplication                   : Starting HotonApplication using Java 14.0.2 on DESKTOP-VICTOR with PID 33660 (F:\Dev\Workana - HotWon\hotonWebApp\hoton\target\classes started by Victor in F:\Dev\Workana - HotWon\hotonWebApp\hoton)
2021-07-09 18:15:17.532  INFO DESKTOP-VICTOR --- [  restartedMain] b.c.h.HotonApplication                   : The following profiles are active: dev
2021-07-09 18:15:17.814  INFO DESKTOP-VICTOR --- [  restartedMain] .s.d.r.c.RepositoryConfigurationDelegate : Bootstrapping Spring Data JPA repositories in DEFAULT mode.
2021-07-09 18:15:17.832  INFO DESKTOP-VICTOR --- [  restartedMain] .s.d.r.c.RepositoryConfigurationDelegate : Finished Spring Data repository scanning in 17 ms. Found 4 JPA repository interfaces.
2021-07-09 18:15:17.933  INFO DESKTOP-VICTOR --- [  restartedMain] o.s.b.w.e.t.TomcatWebServer              : Tomcat initialized with port(s): 8080 (http)
2021-07-09 18:15:17.933  INFO DESKTOP-VICTOR --- [  restartedMain] o.a.c.h.Http11NioProtocol                : Initializing ProtocolHandler ["http-nio-8080"]
2021-07-09 18:15:17.934  INFO DESKTOP-VICTOR --- [  restartedMain] o.a.c.c.StandardService                  : Starting service [Tomcat]
2021-07-09 18:15:17.934  INFO DESKTOP-VICTOR --- [  restartedMain] o.a.c.c.StandardEngine                   : Starting Servlet engine: [Apache Tomcat/9.0.46]
2021-07-09 18:15:17.954  INFO DESKTOP-VICTOR --- [  restartedMain] o.a.c.c.C.[.[.[/]                        : Initializing Spring embedded WebApplicationContext
2021-07-09 18:15:17.954  INFO DESKTOP-VICTOR --- [  restartedMain] w.s.c.ServletWebServerApplicationContext : Root WebApplicationContext: initialization completed in 418 ms
2021-07-09 18:15:17.977  INFO DESKTOP-VICTOR --- [  restartedMain] c.z.h.HikariDataSource                   : HikariPool-4 - Starting...
2021-07-09 18:15:17.997  INFO DESKTOP-VICTOR --- [  restartedMain] c.z.h.HikariDataSource                   : HikariPool-4 - Start completed.
2021-07-09 18:15:18.007  INFO DESKTOP-VICTOR --- [  restartedMain] o.h.j.i.u.LogHelper                      : HHH000204: Processing PersistenceUnitInfo [name: default]
2021-07-09 18:15:18.012  INFO DESKTOP-VICTOR --- [  restartedMain] o.h.d.Dialect                            : HHH000400: Using dialect: org.hibernate.dialect.MySQL5InnoDBDialect
2021-07-09 18:15:18.127  INFO DESKTOP-VICTOR --- [  restartedMain] o.h.e.t.j.p.i.JtaPlatformInitiator       : HHH000490: Using JtaPlatform implementation: [org.hibernate.engine.transaction.jta.platform.internal.NoJtaPlatform]
2021-07-09 18:15:18.128  INFO DESKTOP-VICTOR --- [  restartedMain] j.LocalContainerEntityManagerFactoryBean : Initialized JPA EntityManagerFactory for persistence unit 'default'
2021-07-09 18:15:18.388  WARN DESKTOP-VICTOR --- [  restartedMain] JpaBaseConfiguration$JpaWebConfiguration : spring.jpa.open-in-view is enabled by default. Therefore, database queries may be performed during view rendering. Explicitly configure spring.jpa.open-in-view to disable this warning
2021-07-09 18:15:18.411  INFO DESKTOP-VICTOR --- [  restartedMain] o.s.s.w.DefaultSecurityFilterChain       : Will secure any request with [org.springframework.security.web.context.request.async.WebAsyncManagerIntegrationFilter@6038589c, org.springframework.security.web.context.SecurityContextPersistenceFilter@2d369f76, org.springframework.security.web.header.HeaderWriterFilter@64c2aa3c, org.springframework.security.web.authentication.logout.LogoutFilter@201238e4, org.springframework.security.web.authentication.UsernamePasswordAuthenticationFilter@26f8db53, org.springframework.security.web.savedrequest.RequestCacheAwareFilter@5527255c, org.springframework.security.web.servletapi.SecurityContextHolderAwareRequestFilter@24c5f68e, org.springframework.security.web.authentication.AnonymousAuthenticationFilter@1a455f06, org.springframework.security.web.session.SessionManagementFilter@49331a2, org.springframework.security.web.access.ExceptionTranslationFilter@205b065a, org.springframework.security.web.access.intercept.FilterSecurityInterceptor@315714e7]
2021-07-09 18:15:18.456  INFO DESKTOP-VICTOR --- [  restartedMain] o.s.b.a.w.s.WelcomePageHandlerMapping    : Adding welcome page template: index
2021-07-09 18:15:18.492  INFO DESKTOP-VICTOR --- [  restartedMain] o.s.b.d.a.OptionalLiveReloadServer       : LiveReload server is running on port 35729
2021-07-09 18:15:18.497  INFO DESKTOP-VICTOR --- [  restartedMain] o.a.c.h.Http11NioProtocol                : Starting ProtocolHandler ["http-nio-8080"]
2021-07-09 18:15:18.500  INFO DESKTOP-VICTOR --- [  restartedMain] o.s.b.w.e.t.TomcatWebServer              : Tomcat started on port(s): 8080 (http) with context path ''
2021-07-09 18:15:18.503  INFO DESKTOP-VICTOR --- [  restartedMain] b.c.h.HotonApplication                   : Started HotonApplication in 1.074 seconds (JVM running for 1099.175)
2021-07-09 18:15:18.547  INFO DESKTOP-VICTOR --- [  restartedMain] .ConditionEvaluationDeltaLoggingListener : Condition evaluation unchanged
2021-07-09 18:17:08.820  INFO DESKTOP-VICTOR --- [      Thread-18] j.LocalContainerEntityManagerFactoryBean : Closing JPA EntityManagerFactory for persistence unit 'default'
2021-07-09 18:17:08.821  INFO DESKTOP-VICTOR --- [      Thread-18] c.z.h.HikariDataSource                   : HikariPool-4 - Shutdown initiated...
2021-07-09 18:17:08.862  INFO DESKTOP-VICTOR --- [      Thread-18] c.z.h.HikariDataSource                   : HikariPool-4 - Shutdown completed.
2021-07-09 18:17:09.025  INFO DESKTOP-VICTOR --- [  restartedMain] b.c.h.HotonApplication                   : Starting HotonApplication using Java 14.0.2 on DESKTOP-VICTOR with PID 33660 (F:\Dev\Workana - HotWon\hotonWebApp\hoton\target\classes started by Victor in F:\Dev\Workana - HotWon\hotonWebApp\hoton)
2021-07-09 18:17:09.025  INFO DESKTOP-VICTOR --- [  restartedMain] b.c.h.HotonApplication                   : The following profiles are active: dev
2021-07-09 18:17:09.379  INFO DESKTOP-VICTOR --- [  restartedMain] .s.d.r.c.RepositoryConfigurationDelegate : Bootstrapping Spring Data JPA repositories in DEFAULT mode.
2021-07-09 18:17:09.461  INFO DESKTOP-VICTOR --- [  restartedMain] .s.d.r.c.RepositoryConfigurationDelegate : Finished Spring Data repository scanning in 82 ms. Found 4 JPA repository interfaces.
2021-07-09 18:17:09.609  INFO DESKTOP-VICTOR --- [  restartedMain] o.s.b.w.e.t.TomcatWebServer              : Tomcat initialized with port(s): 8080 (http)
2021-07-09 18:17:09.610  INFO DESKTOP-VICTOR --- [  restartedMain] o.a.c.h.Http11NioProtocol                : Initializing ProtocolHandler ["http-nio-8080"]
2021-07-09 18:17:09.610  INFO DESKTOP-VICTOR --- [  restartedMain] o.a.c.c.StandardService                  : Starting service [Tomcat]
2021-07-09 18:17:09.611  INFO DESKTOP-VICTOR --- [  restartedMain] o.a.c.c.StandardEngine                   : Starting Servlet engine: [Apache Tomcat/9.0.46]
2021-07-09 18:17:09.638  INFO DESKTOP-VICTOR --- [  restartedMain] o.a.c.c.C.[.[.[/]                        : Initializing Spring embedded WebApplicationContext
2021-07-09 18:17:09.640  INFO DESKTOP-VICTOR --- [  restartedMain] w.s.c.ServletWebServerApplicationContext : Root WebApplicationContext: initialization completed in 612 ms
2021-07-09 18:17:09.667  INFO DESKTOP-VICTOR --- [  restartedMain] c.z.h.HikariDataSource                   : HikariPool-5 - Starting...
2021-07-09 18:17:09.719  INFO DESKTOP-VICTOR --- [  restartedMain] c.z.h.HikariDataSource                   : HikariPool-5 - Start completed.
2021-07-09 18:17:09.730  INFO DESKTOP-VICTOR --- [  restartedMain] o.h.j.i.u.LogHelper                      : HHH000204: Processing PersistenceUnitInfo [name: default]
2021-07-09 18:17:09.735  INFO DESKTOP-VICTOR --- [  restartedMain] o.h.d.Dialect                            : HHH000400: Using dialect: org.hibernate.dialect.MySQL5InnoDBDialect
2021-07-09 18:17:10.959  INFO DESKTOP-VICTOR --- [  restartedMain] o.h.e.t.j.p.i.JtaPlatformInitiator       : HHH000490: Using JtaPlatform implementation: [org.hibernate.engine.transaction.jta.platform.internal.NoJtaPlatform]
2021-07-09 18:17:10.960  INFO DESKTOP-VICTOR --- [  restartedMain] j.LocalContainerEntityManagerFactoryBean : Initialized JPA EntityManagerFactory for persistence unit 'default'
2021-07-09 18:17:11.219  WARN DESKTOP-VICTOR --- [  restartedMain] JpaBaseConfiguration$JpaWebConfiguration : spring.jpa.open-in-view is enabled by default. Therefore, database queries may be performed during view rendering. Explicitly configure spring.jpa.open-in-view to disable this warning
2021-07-09 18:17:11.238  INFO DESKTOP-VICTOR --- [  restartedMain] o.s.s.w.DefaultSecurityFilterChain       : Will secure any request with [org.springframework.security.web.context.request.async.WebAsyncManagerIntegrationFilter@2c0c1e00, org.springframework.security.web.context.SecurityContextPersistenceFilter@5d5a1580, org.springframework.security.web.header.HeaderWriterFilter@7153e6f8, org.springframework.security.web.authentication.logout.LogoutFilter@74e1d6b2, org.springframework.security.web.authentication.UsernamePasswordAuthenticationFilter@62e05348, org.springframework.security.web.savedrequest.RequestCacheAwareFilter@3929590e, org.springframework.security.web.servletapi.SecurityContextHolderAwareRequestFilter@57230cf5, org.springframework.security.web.authentication.AnonymousAuthenticationFilter@1bd5eb17, org.springframework.security.web.session.SessionManagementFilter@58cedb3e, org.springframework.security.web.access.ExceptionTranslationFilter@47546865, org.springframework.security.web.access.intercept.FilterSecurityInterceptor@1aff9ad3]
2021-07-09 18:17:11.288  INFO DESKTOP-VICTOR --- [  restartedMain] o.s.b.a.w.s.WelcomePageHandlerMapping    : Adding welcome page template: index
2021-07-09 18:17:11.323  INFO DESKTOP-VICTOR --- [  restartedMain] o.s.b.d.a.OptionalLiveReloadServer       : LiveReload server is running on port 35729
2021-07-09 18:17:11.328  INFO DESKTOP-VICTOR --- [  restartedMain] o.a.c.h.Http11NioProtocol                : Starting ProtocolHandler ["http-nio-8080"]
2021-07-09 18:17:11.332  INFO DESKTOP-VICTOR --- [  restartedMain] o.s.b.w.e.t.TomcatWebServer              : Tomcat started on port(s): 8080 (http) with context path ''
2021-07-09 18:17:11.347  INFO DESKTOP-VICTOR --- [  restartedMain] b.c.h.HotonApplication                   : Started HotonApplication in 2.373 seconds (JVM running for 1212.022)
2021-07-09 18:17:11.371  INFO DESKTOP-VICTOR --- [  restartedMain] .ConditionEvaluationDeltaLoggingListener : Condition evaluation unchanged
2021-07-09 18:19:15.949  INFO DESKTOP-VICTOR --- [      Thread-23] j.LocalContainerEntityManagerFactoryBean : Closing JPA EntityManagerFactory for persistence unit 'default'
2021-07-09 18:19:15.951  INFO DESKTOP-VICTOR --- [      Thread-23] c.z.h.HikariDataSource                   : HikariPool-5 - Shutdown initiated...
2021-07-09 18:19:15.959  INFO DESKTOP-VICTOR --- [      Thread-23] c.z.h.HikariDataSource                   : HikariPool-5 - Shutdown completed.
